 line   address	contents
    1                      ; Linked by DLX-LD.
    2                      ; MemSize 24576
    3                      ; Data size: 442
    4                      ; Text size: 4764
    5                      ; Stack size: 8192
    6  00000000          	.text 0x1000
    7  00001000          	.data 0x3000
    8                      ; Compiled by GCC
    9  00003000          	.text
   10  00001000          	.align 2
   11  00001000          	.proc _isspace
   12  00001000          	.global _isspace
   13  00001000          	_isspace:
   14                      ;  Function 'isspace'; 0 bytes of locals, 1 regs to save.
   15  00001000  afbefffc	sw	-4(r29),r30; push fp
   16  00001004  001df020	add	r30,r0,r29; fp = sp
   17  00001008  afbffff8	sw	-8(r29),r31; push ret addr
   18  0000100c  2fbd0010	subui	r29,r29,#16; alloc local storage
   19  00001010  afa20000	sw	0(r29),r2
   20  00001014  83c20003	lb	r2,3(r30)
   21  00001018  201f0000	addi	r31,r0,#0
   22  0000101c  304100ff	andi	r1,r2,#0x00ff
   23  00001020  60210020	seqi	r1,r1,#32
   24  00001024  14200018	bnez	r1,L6_LF0
   25  00001028  54000000	nop; not filled.
   26  0000102c  2041fff7	addi	r1,r2,#-9
   27  00001030  302100ff	andi	r1,r1,#0x00ff
   28  00001034  70210001	sleui	r1,r1,#1
   29  00001038  10200008	beqz	r1,L5_LF0
   30  0000103c  54000000	nop; not filled.
   31  00001040          	L6_LF0:
   32  00001040  201f0001	addi	r31,r0,#1
   33  00001044          	L5_LF0:
   34  00001044  001f0820	add	r1,r0,r31
   35  00001048  8fa20000	lw	r2,0(r29)
   36  0000104c  8fdffff8	lw	r31,-8(r30)
   37  00001050  001ee820	add	r29,r0,r30
   38  00001054  8fdefffc	lw	r30,-4(r30)
   39  00001058  4be00000	jr	r31
   40  0000105c  54000000	nop
   41  00001060          	.endproc _isspace
   42  00001060          	.align 2
   43  00001060          	.proc _isxdigit
   44  00001060          	.global _isxdigit
   45  00001060          	_isxdigit:
   46                      ;  Function 'isxdigit'; 0 bytes of locals, 1 regs to save.
   47  00001060  afbefffc	sw	-4(r29),r30; push fp
   48  00001064  001df020	add	r30,r0,r29; fp = sp
   49  00001068  afbffff8	sw	-8(r29),r31; push ret addr
   50  0000106c  2fbd0010	subui	r29,r29,#16; alloc local storage
   51  00001070  afa20000	sw	0(r29),r2
   52  00001074  83df0003	lb	r31,3(r30)
   53  00001078  20020000	addi	r2,r0,#0
   54  0000107c  23e1ffd0	addi	r1,r31,#-48
   55  00001080  302100ff	andi	r1,r1,#0x00ff
   56  00001084  70210009	sleui	r1,r1,#9
   57  00001088  14200028	bnez	r1,L12_LF0
   58  0000108c  54000000	nop; not filled.
   59  00001090  23e1ff9f	addi	r1,r31,#-97
   60  00001094  302100ff	andi	r1,r1,#0x00ff
   61  00001098  70210005	sleui	r1,r1,#5
   62  0000109c  14200014	bnez	r1,L12_LF0
   63  000010a0  54000000	nop; not filled.
   64  000010a4  33e100ff	andi	r1,r31,#0x00ff
   65  000010a8  64210041	snei	r1,r1,#65
   66  000010ac  14200008	bnez	r1,L11_LF0
   67  000010b0  54000000	nop; not filled.
   68  000010b4          	L12_LF0:
   69  000010b4  20020001	addi	r2,r0,#1
   70  000010b8          	L11_LF0:
   71  000010b8  00020820	add	r1,r0,r2
   72  000010bc  8fa20000	lw	r2,0(r29)
   73  000010c0  8fdffff8	lw	r31,-8(r30)
   74  000010c4  001ee820	add	r29,r0,r30
   75  000010c8  8fdefffc	lw	r30,-4(r30)
   76  000010cc  4be00000	jr	r31
   77  000010d0  54000000	nop
   78  000010d4          	.endproc _isxdigit
   79  000010d4          	.data
   80  00003000          	.align 2
   81  00003000          	LC0_LF0:
   82  00003000  75736167	.ascii "usage: filetoexecute.xx : <number of processess to create\000"
   82  00003004  653a2066	
   82  00003008  696c6574	
   82  0000300c  6f657865	
   82  00003010  63757465	
   82  00003014  2e787820	
   82  00003018  3a203c6e	
   82  0000301c  756d6265	
   82  00003020  72206f66	
   82  00003024  2070726f	
   82  00003028  63657373	
   82  0000302c  65737320	
   82  00003030  746f2063	
   82  00003034  72656174	
   82  00003038  6500    	
   83  0000303a          	.align 2
   84  0000303c          	LC1_LF0:
   85  0000303c  43726561	.ascii "Creating %d processes\n\000"
   85  00003040  74696e67	
   85  00003044  20256420	
   85  00003048  70726f63	
   85  0000304c  65737365	
   85  00003050  730a00  	
   86  00003053          	.align 2
   87  00003054          	LC2_LF0:
   88  00003054  4552524f	.ascii "ERROR: could not allocate shared memory page in \000"
   88  00003058  523a2063	
   88  0000305c  6f756c64	
   88  00003060  206e6f74	
   88  00003064  20616c6c	
   88  00003068  6f636174	
   88  0000306c  65207368	
   88  00003070  61726564	
   88  00003074  206d656d	
   88  00003078  6f727920	
   88  0000307c  70616765	
   88  00003080  20696e20	
   88  00003084  00      	
   89  00003085          	.align 2
   90  00003088          	LC3_LF0:
   91  00003088  2c206578	.ascii ", exiting...\n\000"
   91  0000308c  6974696e	
   91  00003090  672e2e2e	
   91  00003094  0a00    	
   92  00003096          	.align 2
   93  00003098          	LC4_LF0:
   94  00003098  436f756c	.ascii "Could not map the shared page to virtual address in \000"
   94  0000309c  64206e6f	
   94  000030a0  74206d61	
   94  000030a4  70207468	
   94  000030a8  65207368	
   94  000030ac  61726564	
   94  000030b0  20706167	
   94  000030b4  6520746f	
   94  000030b8  20766972	
   94  000030bc  7475616c	
   94  000030c0  20616464	
   94  000030c4  72657373	
   94  000030c8  20696e20	
   94  000030cc  00      	
   95  000030cd          	.align 2
   96  000030d0          	LC5_LF0:
   97  000030d0  2c206578	.ascii ", exiting..\n\000"
   97  000030d4  6974696e	
   97  000030d8  672e2e0a	
   97  000030dc  00      	
   98  000030dd          	.align 2
   99  000030e0          	LC6_LF0:
  100  000030e0  636f756c	.ascii "could not create lock correctly\000"
  100  000030e4  64206e6f	
  100  000030e8  74206372	
  100  000030ec  65617465	
  100  000030f0  206c6f63	
  100  000030f4  6b20636f	
  100  000030f8  72726563	
  100  000030fc  746c7900	
  101  00003100          	.align 2
  102  00003100          	LC7_LF0:
  103  00003100  42616420	.ascii "Bad sem_create in \000"
  103  00003104  73656d5f	
  103  00003108  63726561	
  103  0000310c  74652069	
  103  00003110  6e2000  	
  104  00003113          	.align 2
  105  00003114          	LC8_LF0:
  106  00003114  0a00    	.ascii "\n\000"
  107  00003116          	.align 2
  108  00003118          	LC9_LF0:
  109  00003118  636f6e73	.ascii "consumer.dlx.obj\000"
  109  0000311c  756d6572	
  109  00003120  2e646c78	
  109  00003124  2e6f626a	
  109  00003128  00      	
  110  00003129          	.align 2
  111  0000312c          	LC10_LF0:
  112  0000312c  70726f64	.ascii "producer.dlx.obj\000"
  112  00003130  75636572	
  112  00003134  2e646c78	
  112  00003138  2e6f626a	
  112  0000313c  00      	
  113  0000313d          	.align 2
  114  00003140          	LC11_LF0:
  115  00003140  32207072	.ascii "2 processess created\000"
  115  00003144  6f636573	
  115  00003148  73657373	
  115  0000314c  20637265	
  115  00003150  61746564	
  115  00003154  00      	
  116  00003155          	.align 2
  117  00003158          	LC12_LF0:
  118  00003158  42616420	.ascii "Bad semaphore s_procs_completed (%d) in \000"
  118  0000315c  73656d61	
  118  00003160  70686f72	
  118  00003164  6520735f	
  118  00003168  70726f63	
  118  0000316c  735f636f	
  118  00003170  6d706c65	
  118  00003174  74656420	
  118  00003178  28256429	
  118  0000317c  20696e20	
  118  00003180  00      	
  119  00003181          	.align 2
  120  00003184          	LC13_LF0:
  121  00003184  416c6c20	.ascii "All other processes completed, exiting main process.\n\000"
  121  00003188  6f746865	
  121  0000318c  72207072	
  121  00003190  6f636573	
  121  00003194  73657320	
  121  00003198  636f6d70	
  121  0000319c  6c657465	
  121  000031a0  642c2065	
  121  000031a4  78697469	
  121  000031a8  6e67206d	
  121  000031ac  61696e20	
  121  000031b0  70726f63	
  121  000031b4  6573732e	
  121  000031b8  0a00    	
  122  000031ba          	.text
  123  000010d4          	.align 2
  124  000010d4          	.proc _main
  125  000010d4          	.global _main
  126  000010d4          	_main:
  127                      ;  Function 'main'; 48 bytes of locals, 0 regs to save.
  128  000010d4  afbefffc	sw	-4(r29),r30; push fp
  129  000010d8  001df020	add	r30,r0,r29; fp = sp
  130  000010dc  afbffff8	sw	-8(r29),r31; push ret addr
  131  000010e0  2fbd0038	subui	r29,r29,#56; alloc local storage
  132  000010e4  8fc20000	lw	r2,(r30)
  133  000010e8  8fc80004	lw	r8,4(r30)
  134  000010ec  0c0011a4	jal	___main
  135  000010f0  54000000	nop; not filled.
  136  000010f4  64410002	snei	r1,r2,#2
  137  000010f8  10200028	beqz	r1,L14_LF0
  138  000010fc  54000000	nop; not filled.
  139  00001100  23bdfff8	addi	r29,r29,#-8
  140  00001104  3c090000	lhi	r9,((LC0_LF0)>>16)&0xffff
  141  00001108  25293000	addui	r9,r9,(LC0_LF0)&0xffff
  142  0000110c  afa90000	sw	(r29),r9
  143  00001110  0c000378	jal	_Printf
  144  00001114  54000000	nop; not filled.
  145  00001118  0c000424	jal	_Exit
  146  0000111c  54000000	nop; not filled.
  147  00001120  23bd0008	addi	r29,r29,#8
  148  00001124          	L14_LF0:
  149  00001124  23bdfff0	addi	r29,r29,#-16
  150  00001128  8d090004	lw	r9,4(r8)
  151  0000112c  afa90000	sw	(r29),r9
  152  00001130  20090000	addi	r9,r0,#0
  153  00001134  afa90004	sw	4(r29),r9
  154  00001138  2009000a	addi	r9,r0,#10
  155  0000113c  afa90008	sw	8(r29),r9
  156  00001140  0c000ca8	jal	_dstrtol
  157  00001144  54000000	nop; not filled.
  158  00001148  00013820	add	r7,r0,r1
  159  0000114c  3c090000	lhi	r9,((LC1_LF0)>>16)&0xffff
  160  00001150  2529303c	addui	r9,r9,(LC1_LF0)&0xffff
  161  00001154  afa90000	sw	(r29),r9
  162  00001158  afa70004	sw	4(r29),r7
  163  0000115c  0c00032c	jal	_Printf
  164  00001160  54000000	nop; not filled.
  165  00001164  0c000348	jal	_shmget
  166  00001168  54000000	nop; not filled.
  167  0000116c  00011020	add	r2,r0,r1
  168  00001170  23bd0010	addi	r29,r29,#16
  169  00001174  64410000	snei	r1,r2,#0
  170  00001178  1420004c	bnez	r1,L15_LF0
  171  0000117c  54000000	nop; not filled.
  172  00001180  23bdfff8	addi	r29,r29,#-8
  173  00001184  3c090000	lhi	r9,((LC2_LF0)>>16)&0xffff
  174  00001188  25293054	addui	r9,r9,(LC2_LF0)&0xffff
  175  0000118c  afa90000	sw	(r29),r9
  176  00001190  0c0002f8	jal	_Printf
  177  00001194  54000000	nop; not filled.
  178  00001198  8d090000	lw	r9,(r8)
  179  0000119c  afa90000	sw	(r29),r9
  180  000011a0  0c0002e8	jal	_Printf
  181  000011a4  54000000	nop; not filled.
  182  000011a8  3c090000	lhi	r9,((LC3_LF0)>>16)&0xffff
  183  000011ac  25293088	addui	r9,r9,(LC3_LF0)&0xffff
  184  000011b0  afa90000	sw	(r29),r9
  185  000011b4  0c0002d4	jal	_Printf
  186  000011b8  54000000	nop; not filled.
  187  000011bc  0c000380	jal	_Exit
  188  000011c0  54000000	nop; not filled.
  189  000011c4  23bd0008	addi	r29,r29,#8
  190  000011c8          	L15_LF0:
  191  000011c8  23bdfff8	addi	r29,r29,#-8
  192  000011cc  afa20000	sw	(r29),r2
  193  000011d0  0c0002e8	jal	_shmat
  194  000011d4  54000000	nop; not filled.
  195  000011d8  23bd0008	addi	r29,r29,#8
  196  000011dc  64210000	snei	r1,r1,#0
  197  000011e0  1420004c	bnez	r1,L16_LF0
  198  000011e4  54000000	nop; not filled.
  199  000011e8  23bdfff8	addi	r29,r29,#-8
  200  000011ec  3c090000	lhi	r9,((LC4_LF0)>>16)&0xffff
  201  000011f0  25293098	addui	r9,r9,(LC4_LF0)&0xffff
  202  000011f4  afa90000	sw	(r29),r9
  203  000011f8  0c000290	jal	_Printf
  204  000011fc  54000000	nop; not filled.
  205  00001200  8d090000	lw	r9,(r8)
  206  00001204  afa90000	sw	(r29),r9
  207  00001208  0c000280	jal	_Printf
  208  0000120c  54000000	nop; not filled.
  209  00001210  3c090000	lhi	r9,((LC5_LF0)>>16)&0xffff
  210  00001214  252930d0	addui	r9,r9,(LC5_LF0)&0xffff
  211  00001218  afa90000	sw	(r29),r9
  212  0000121c  0c00026c	jal	_Printf
  213  00001220  54000000	nop; not filled.
  214  00001224  0c000318	jal	_Exit
  215  00001228  54000000	nop; not filled.
  216  0000122c  23bd0008	addi	r29,r29,#8
  217  00001230          	L16_LF0:
  218  00001230  0c0002b8	jal	_lock_create
  219  00001234  54000000	nop; not filled.
  220  00001238  00011820	add	r3,r0,r1
  221  0000123c  6061ffff	seqi	r1,r3,#-1
  222  00001240  10200028	beqz	r1,L17_LF0
  223  00001244  54000000	nop; not filled.
  224  00001248  23bdfff8	addi	r29,r29,#-8
  225  0000124c  3c090000	lhi	r9,((LC6_LF0)>>16)&0xffff
  226  00001250  252930e0	addui	r9,r9,(LC6_LF0)&0xffff
  227  00001254  afa90000	sw	(r29),r9
  228  00001258  0c000230	jal	_Printf
  229  0000125c  54000000	nop; not filled.
  230  00001260  0c0002dc	jal	_Exit
  231  00001264  54000000	nop; not filled.
  232  00001268  23bd0008	addi	r29,r29,#8
  233  0000126c          	L17_LF0:
  234  0000126c  23bdfff8	addi	r29,r29,#-8
  235  00001270  50e10001	slli	r1,r7,#0x1
  236  00001274  2021ffff	addi	r1,r1,#-1
  237  00001278  00010822	sub	r1,r0,r1
  238  0000127c  afa10000	sw	(r29),r1
  239  00001280  0c000244	jal	_sem_create
  240  00001284  54000000	nop; not filled.
  241  00001288  00013020	add	r6,r0,r1
  242  0000128c  23bd0008	addi	r29,r29,#8
  243  00001290  60c1ffff	seqi	r1,r6,#-1
  244  00001294  1020004c	beqz	r1,L18_LF0
  245  00001298  54000000	nop; not filled.
  246  0000129c  23bdfff8	addi	r29,r29,#-8
  247  000012a0  3c090000	lhi	r9,((LC7_LF0)>>16)&0xffff
  248  000012a4  25293100	addui	r9,r9,(LC7_LF0)&0xffff
  249  000012a8  afa90000	sw	(r29),r9
  250  000012ac  0c0001dc	jal	_Printf
  251  000012b0  54000000	nop; not filled.
  252  000012b4  8d090000	lw	r9,(r8)
  253  000012b8  afa90000	sw	(r29),r9
  254  000012bc  0c0001cc	jal	_Printf
  255  000012c0  54000000	nop; not filled.
  256  000012c4  3c090000	lhi	r9,((LC8_LF0)>>16)&0xffff
  257  000012c8  25293114	addui	r9,r9,(LC8_LF0)&0xffff
  258  000012cc  afa90000	sw	(r29),r9
  259  000012d0  0c0001b8	jal	_Printf
  260  000012d4  54000000	nop; not filled.
  261  000012d8  0c000264	jal	_Exit
  262  000012dc  54000000	nop; not filled.
  263  000012e0  23bd0008	addi	r29,r29,#8
  264  000012e4          	L18_LF0:
  265  000012e4  23bdfff8	addi	r29,r29,#-8
  266  000012e8  afa20000	sw	(r29),r2
  267  000012ec  23c5ffe8	addi	r5,r30,#-24
  268  000012f0  afa50004	sw	4(r29),r5
  269  000012f4  0c000968	jal	_ditoa
  270  000012f8  54000000	nop; not filled.
  271  000012fc  afa60000	sw	(r29),r6
  272  00001300  23c4ffd8	addi	r4,r30,#-40
  273  00001304  afa40004	sw	4(r29),r4
  274  00001308  0c000954	jal	_ditoa
  275  0000130c  54000000	nop; not filled.
  276  00001310  afa30000	sw	(r29),r3
  277  00001314  23c3ffc8	addi	r3,r30,#-56
  278  00001318  afa30004	sw	4(r29),r3
  279  0000131c  0c000940	jal	_ditoa
  280  00001320  54000000	nop; not filled.
  281  00001324  20020000	addi	r2,r0,#0
  282  00001328  23bd0008	addi	r29,r29,#8
  283  0000132c  0047082a	slt	r1,r2,r7
  284  00001330  10200080	beqz	r1,L20_LF0
  285  00001334  54000000	nop; not filled.
  286  00001338          	L22_LF0:
  287  00001338  23bdffe8	addi	r29,r29,#-24
  288  0000133c  3c090000	lhi	r9,((LC9_LF0)>>16)&0xffff
  289  00001340  25293118	addui	r9,r9,(LC9_LF0)&0xffff
  290  00001344  afa90000	sw	(r29),r9
  291  00001348  afa50004	sw	4(r29),r5
  292  0000134c  afa40008	sw	8(r29),r4
  293  00001350  afa3000c	sw	12(r29),r3
  294  00001354  20090000	addi	r9,r0,#0
  295  00001358  afa90010	sw	16(r29),r9
  296  0000135c  0c000144	jal	_process_create
  297  00001360  54000000	nop; not filled.
  298  00001364  3c090000	lhi	r9,((LC10_LF0)>>16)&0xffff
  299  00001368  2529312c	addui	r9,r9,(LC10_LF0)&0xffff
  300  0000136c  afa90000	sw	(r29),r9
  301  00001370  afa50004	sw	4(r29),r5
  302  00001374  afa40008	sw	8(r29),r4
  303  00001378  afa3000c	sw	12(r29),r3
  304  0000137c  20090000	addi	r9,r0,#0
  305  00001380  afa90010	sw	16(r29),r9
  306  00001384  0c00011c	jal	_process_create
  307  00001388  54000000	nop; not filled.
  308  0000138c  3c090000	lhi	r9,((LC11_LF0)>>16)&0xffff
  309  00001390  25293140	addui	r9,r9,(LC11_LF0)&0xffff
  310  00001394  afa90000	sw	(r29),r9
  311  00001398  0c0000f0	jal	_Printf
  312  0000139c  54000000	nop; not filled.
  313  000013a0  23bd0018	addi	r29,r29,#24
  314  000013a4  20420001	addi	r2,r2,#1
  315  000013a8  0047082a	slt	r1,r2,r7
  316  000013ac  1420ff88	bnez	r1,L22_LF0
  317  000013b0  54000000	nop; not filled.
  318  000013b4          	L20_LF0:
  319  000013b4  23bdfff8	addi	r29,r29,#-8
  320  000013b8  afa60000	sw	(r29),r6
  321  000013bc  0c000114	jal	_sem_wait
  322  000013c0  54000000	nop; not filled.
  323  000013c4  23bd0008	addi	r29,r29,#8
  324  000013c8  64210001	snei	r1,r1,#1
  325  000013cc  10200050	beqz	r1,L24_LF0
  326  000013d0  54000000	nop; not filled.
  327  000013d4  23bdfff8	addi	r29,r29,#-8
  328  000013d8  3c090000	lhi	r9,((LC12_LF0)>>16)&0xffff
  329  000013dc  25293158	addui	r9,r9,(LC12_LF0)&0xffff
  330  000013e0  afa90000	sw	(r29),r9
  331  000013e4  afa60004	sw	4(r29),r6
  332  000013e8  0c0000a0	jal	_Printf
  333  000013ec  54000000	nop; not filled.
  334  000013f0  8d080000	lw	r8,(r8)
  335  000013f4  afa80000	sw	(r29),r8
  336  000013f8  0c000090	jal	_Printf
  337  000013fc  54000000	nop; not filled.
  338  00001400  3c090000	lhi	r9,((LC8_LF0)>>16)&0xffff
  339  00001404  25293114	addui	r9,r9,(LC8_LF0)&0xffff
  340  00001408  afa90000	sw	(r29),r9
  341  0000140c  0c00007c	jal	_Printf
  342  00001410  54000000	nop; not filled.
  343  00001414  0c000128	jal	_Exit
  344  00001418  54000000	nop; not filled.
  345  0000141c  23bd0008	addi	r29,r29,#8
  346  00001420          	L24_LF0:
  347  00001420  23bdfff8	addi	r29,r29,#-8
  348  00001424  3c090000	lhi	r9,((LC13_LF0)>>16)&0xffff
  349  00001428  25293184	addui	r9,r9,(LC13_LF0)&0xffff
  350  0000142c  afa90000	sw	(r29),r9
  351  00001430  0c000058	jal	_Printf
  352  00001434  54000000	nop; not filled.
  353  00001438  23bd0008	addi	r29,r29,#8
  354  0000143c  0c000e48	jal	_exit
  355  00001440  54000000	nop
  356  00001444          	.endproc _main
  357                      ;;;
  358                      ;;; Stub functions for DLX traps.
  359                      ;;;
  360                      ;;; Ethan L. Miller, 1999.  Released to the public domain.
  361                      ;;;
  362                      ;;; The traps such as Open and Close
  363                      ;;; (note the capital letters) are for use by user programs.  The traps
  364                      ;;; with names such as open and close (lower case) are for use by the OS.
  365                      ;;;
  368  00001444          	.align 2
  370                      ;;; The following are the traps to be used by user-level programs
  371                      ;;;
  373  00001444          	.align 2
  374  00001444          	.proc _Open
  375  00001444          	.global _Open
  376  00001444          	_Open:
  377                      ;;; Note that trap #0x213 actually causes a trap vector in the OS of
  378                      ;;; 0x1213.  The same is true for other user traps.  Thus, a user trap
  379                      ;;; with trap #0x240 will result in a trap vector of 0x1240 in the OS.
  380  00001444  44000213	trap	#0x213
  381  00001448  4be00000	jr	r31
  382  0000144c  54000000	nop
  383  00001450          	.endproc _Open
  385  00001450          	.proc _Close
  386  00001450          	.global _Close
  387  00001450          	_Close:
  388  00001450  44000214	trap	#0x214
  389  00001454  4be00000	jr	r31
  390  00001458  54000000	nop
  391  0000145c          	.endproc _Close
  393  0000145c          	.proc _Read
  394  0000145c          	.global _Read
  395  0000145c          	_Read:
  396  0000145c  44000210	trap	#0x210
  397  00001460  4be00000	jr	r31
  398  00001464  54000000	nop
  399  00001468          	.endproc _Read
  401  00001468          	.proc _Write
  402  00001468          	.global _Write
  403  00001468          	_Write:
  404  00001468  44000211	trap	#0x211
  405  0000146c  4be00000	jr	r31
  406  00001470  54000000	nop
  407  00001474          	.endproc _Write
  409  00001474          	.proc _Lseek
  410  00001474          	.global _Lseek
  411  00001474          	_Lseek:
  412  00001474  44000212	trap	#0x212
  413  00001478  4be00000	jr	r31
  414  0000147c  54000000	nop
  415  00001480          	.endproc _Lseek
  417  00001480          	.proc _Putchar
  418  00001480          	.global _Putchar
  419  00001480          	_Putchar:
  420  00001480  44000280	trap	#0x280
  421  00001484  4be00000	jr	r31
  422  00001488  54000000	nop
  423  0000148c          	.endproc _Putchar
  425  0000148c          	.proc _Printf
  426  0000148c          	.global _Printf
  427  0000148c          	_Printf:
  428  0000148c  44000201	trap	#0x201
  429  00001490  4be00000	jr	r31
  430  00001494  54000000	nop
  431  00001498          	.endproc _Printf
  433  00001498          	.proc _getpid
  434  00001498          	.global _getpid
  435  00001498          	_getpid:
  436  00001498  44000431	trap	#0x431
  437  0000149c  4be00000	jr	r31
  438  000014a0  54000000	nop
  439  000014a4          	.endproc _getpid
  441  000014a4          	.proc _process_create
  442  000014a4          	.global _process_create
  443  000014a4          	_process_create:
  444  000014a4  44000432	trap	#0x432
  445  000014a8  4be00000	jr	r31
  446  000014ac  54000000	nop
  447  000014b0          	.endproc _process_create
  449  000014b0          	.proc _shmget
  450  000014b0          	.global _shmget
  451  000014b0          	_shmget:
  452  000014b0  44000440	trap	#0x440
  453  000014b4  4be00000	jr	r31
  454  000014b8  54000000	nop
  455  000014bc          	.endproc _shmget
  457  000014bc          	.proc _shmat
  458  000014bc          	.global _shmat
  459  000014bc          	_shmat:
  460  000014bc  44000441	trap	#0x441
  461  000014c0  4be00000	jr	r31
  462  000014c4  54000000	nop
  463  000014c8          	.endproc _shmat
  465  000014c8          	.proc _sem_create
  466  000014c8          	.global _sem_create
  467  000014c8          	_sem_create:
  468  000014c8  44000450	trap	#0x450
  469  000014cc  4be00000	jr	r31
  470  000014d0  54000000	nop
  471  000014d4          	.endproc _sem_create
  473  000014d4          	.proc _sem_wait
  474  000014d4          	.global _sem_wait
  475  000014d4          	_sem_wait:
  476  000014d4  44000451	trap	#0x451
  477  000014d8  4be00000	jr	r31
  478  000014dc  54000000	nop
  479  000014e0          	.endproc _sem_wait
  481  000014e0          	.proc _sem_signal
  482  000014e0          	.global _sem_signal
  483  000014e0          	_sem_signal:
  484  000014e0  44000452	trap	#0x452
  485  000014e4  4be00000	jr	r31
  486  000014e8  54000000	nop
  487  000014ec          	.endproc _sem_signal
  489  000014ec          	.proc _lock_create
  490  000014ec          	.global _lock_create
  491  000014ec          	_lock_create:
  492  000014ec  44000453	trap	#0x453
  493  000014f0  4be00000	jr	r31
  494  000014f4  54000000	nop
  495  000014f8          	.endproc _lock_create
  497  000014f8          	.proc _lock_acquire
  498  000014f8          	.global _lock_acquire
  499  000014f8          	_lock_acquire:
  500  000014f8  44000454	trap	#0x454
  501  000014fc  4be00000	jr	r31
  502  00001500  54000000	nop
  503  00001504          	.endproc _lock_acquire
  505  00001504          	.proc _lock_release
  506  00001504          	.global _lock_release
  507  00001504          	_lock_release:
  508  00001504  44000455	trap	#0x455
  509  00001508  4be00000	jr	r31
  510  0000150c  54000000	nop
  511  00001510          	.endproc _lock_release
  513  00001510          	.proc _cond_create
  514  00001510          	.global _cond_create
  515  00001510          	_cond_create:
  516  00001510  44000456	trap	#0x456
  517  00001514  4be00000	jr	r31
  518  00001518  54000000	nop
  519  0000151c          	.endproc _cond_create
  521  0000151c          	.proc _cond_wait
  522  0000151c          	.global _cond_wait
  523  0000151c          	_cond_wait:
  524  0000151c  44000457	trap	#0x457
  525  00001520  4be00000	jr	r31
  526  00001524  54000000	nop
  527  00001528          	.endproc _cond_wait
  529  00001528          	.proc _cond_signal
  530  00001528          	.global _cond_signal
  531  00001528          	_cond_signal:
  532  00001528  44000458	trap	#0x458
  533  0000152c  4be00000	jr	r31
  534  00001530  54000000	nop
  535  00001534          	.endproc _cond_signal
  537  00001534          	.proc _cond_broadcast
  538  00001534          	.global _cond_broadcast
  539  00001534          	_cond_broadcast:
  540  00001534  44000455	trap	#0x455
  541  00001538  4be00000	jr	r31
  542  0000153c  54000000	nop
  543  00001540          	.endproc _cond_broadcast
  545  00001540          	.proc _Exit
  546  00001540          	.global _Exit
  547  00001540          	_Exit:
  548  00001540  44000500	trap	#0x500
  549  00001544  4be00000	jr	r31
  550  00001548  54000000	nop
  551  0000154c          	.endproc _Exit
  552                      ; Compiled by GCC
  554  0000154c          	.align 2
  555  0000154c          	.proc _isspace
  556  0000154c          	.global _isspace
  557  0000154c          	_isspace:
  558                      ;  Function 'isspace'; 0 bytes of locals, 3 regs to save.
  559  0000154c  afbefffc	sw	-4(r29),r30; push fp
  560  00001550  001df020	add	r30,r0,r29; fp = sp
  561  00001554  afbffff8	sw	-8(r29),r31; push ret addr
  562  00001558  2fbd0018	subui	r29,r29,#24; alloc local storage
  563  0000155c  afa20000	sw	0(r29),r2
  564  00001560  afa30004	sw	4(r29),r3
  565  00001564  afa40008	sw	8(r29),r4
  566  00001568  83c20003	lb	r2,3(r30)
  567  0000156c  20010000	addi	r1,r0,#0
  568  00001570  304300ff	andi	r3,r2,#0x00ff
  569  00001574  60640020	seqi	r4,r3,#32
  570  00001578  1480002c	bnez	r4,L3_LF2
  571  0000157c  54000000	nop; delay slot nop
  572  00001580  304300ff	andi	r3,r2,#0x00ff
  573  00001584  60640009	seqi	r4,r3,#9
  574  00001588  1480001c	bnez	r4,L3_LF2
  575  0000158c  54000000	nop; delay slot nop
  576  00001590  304300ff	andi	r3,r2,#0x00ff
  577  00001594  6064000a	seqi	r4,r3,#10
  578  00001598  1480000c	bnez	r4,L3_LF2
  579  0000159c  54000000	nop; delay slot nop
  580  000015a0  08000008	j	L2_LF2
  581  000015a4  54000000	nop; delay slot nop
  582  000015a8          	L3_LF2:
  583  000015a8  20010001	addi	r1,r0,#1
  584  000015ac          	L2_LF2:
  585  000015ac  08000004	j	L1_LF2
  586  000015b0  54000000	nop; delay slot nop
  587  000015b4          	L1_LF2:
  588  000015b4  8fa20000	lw	r2,0(r29)
  589  000015b8  8fa30004	lw	r3,4(r29)
  590  000015bc  8fa40008	lw	r4,8(r29)
  591  000015c0  8fdffff8	lw	r31,-8(r30)
  592  000015c4  001ee820	add	r29,r0,r30
  593  000015c8  8fdefffc	lw	r30,-4(r30)
  594  000015cc  4be00000	jr	r31
  595  000015d0  54000000	nop
  596  000015d4          	.endproc _isspace
  597  000015d4          	.align 2
  598  000015d4          	.proc _isxdigit
  599  000015d4          	.global _isxdigit
  600  000015d4          	_isxdigit:
  601                      ;  Function 'isxdigit'; 0 bytes of locals, 3 regs to save.
  602  000015d4  afbefffc	sw	-4(r29),r30; push fp
  603  000015d8  001df020	add	r30,r0,r29; fp = sp
  604  000015dc  afbffff8	sw	-8(r29),r31; push ret addr
  605  000015e0  2fbd0018	subui	r29,r29,#24; alloc local storage
  606  000015e4  afa20000	sw	0(r29),r2
  607  000015e8  afa30004	sw	4(r29),r3
  608  000015ec  afa40008	sw	8(r29),r4
  609  000015f0  83c20003	lb	r2,3(r30)
  610  000015f4  20010000	addi	r1,r0,#0
  611  000015f8  304300ff	andi	r3,r2,#0x00ff
  612  000015fc  6c64002f	sgtui	r4,r3,#47
  613  00001600  1080001c	beqz	r4,L7_LF2
  614  00001604  54000000	nop; delay slot nop
  615  00001608  304300ff	andi	r3,r2,#0x00ff
  616  0000160c  70640039	sleui	r4,r3,#57
  617  00001610  1480005c	bnez	r4,L6_LF2
  618  00001614  54000000	nop; delay slot nop
  619  00001618  08000004	j	L7_LF2
  620  0000161c  54000000	nop; delay slot nop
  621  00001620          	L7_LF2:
  622  00001620  304300ff	andi	r3,r2,#0x00ff
  623  00001624  6c640060	sgtui	r4,r3,#96
  624  00001628  1080001c	beqz	r4,L8_LF2
  625  0000162c  54000000	nop; delay slot nop
  626  00001630  304300ff	andi	r3,r2,#0x00ff
  627  00001634  70640066	sleui	r4,r3,#102
  628  00001638  14800034	bnez	r4,L6_LF2
  629  0000163c  54000000	nop; delay slot nop
  630  00001640  08000004	j	L8_LF2
  631  00001644  54000000	nop; delay slot nop
  632  00001648          	L8_LF2:
  633  00001648  304300ff	andi	r3,r2,#0x00ff
  634  0000164c  6c640040	sgtui	r4,r3,#64
  635  00001650  10800020	beqz	r4,L5_LF2
  636  00001654  54000000	nop; delay slot nop
  637  00001658  304300ff	andi	r3,r2,#0x00ff
  638  0000165c  70640041	sleui	r4,r3,#65
  639  00001660  1480000c	bnez	r4,L6_LF2
  640  00001664  54000000	nop; delay slot nop
  641  00001668  08000008	j	L5_LF2
  642  0000166c  54000000	nop; delay slot nop
  643  00001670          	L6_LF2:
  644  00001670  20010001	addi	r1,r0,#1
  645  00001674          	L5_LF2:
  646  00001674  08000004	j	L4_LF2
  647  00001678  54000000	nop; delay slot nop
  648  0000167c          	L4_LF2:
  649  0000167c  8fa20000	lw	r2,0(r29)
  650  00001680  8fa30004	lw	r3,4(r29)
  651  00001684  8fa40008	lw	r4,8(r29)
  652  00001688  8fdffff8	lw	r31,-8(r30)
  653  0000168c  001ee820	add	r29,r0,r30
  654  00001690  8fdefffc	lw	r30,-4(r30)
  655  00001694  4be00000	jr	r31
  656  00001698  54000000	nop
  657  0000169c          	.endproc _isxdigit
  658  0000169c          	.align 2
  659  0000169c          	.proc _dstrcpy
  660  0000169c          	.global _dstrcpy
  661  0000169c          	_dstrcpy:
  662                      ;  Function 'dstrcpy'; 8 bytes of locals, 2 regs to save.
  663  0000169c  afbefffc	sw	-4(r29),r30; push fp
  664  000016a0  001df020	add	r30,r0,r29; fp = sp
  665  000016a4  afbffff8	sw	-8(r29),r31; push ret addr
  666  000016a8  2fbd0018	subui	r29,r29,#24; alloc local storage
  667  000016ac  afa20000	sw	0(r29),r2
  668  000016b0  afa30004	sw	4(r29),r3
  669  000016b4  8fc10000	lw	r1,(r30)
  670  000016b8  afc1fff4	sw	-12(r30),r1
  671  000016bc          	L10_LF2:
  672  000016bc  8fc10000	lw	r1,(r30)
  673  000016c0  20220001	addi	r2,r1,#1
  674  000016c4  afc20000	sw	(r30),r2
  675  000016c8  8fc20004	lw	r2,4(r30)
  676  000016cc  20430001	addi	r3,r2,#1
  677  000016d0  afc30004	sw	4(r30),r3
  678  000016d4  80420000	lb	r2,(r2)
  679  000016d8  a0220000	sb	(r1),r2
  680  000016dc  a3c2fff3	sb	-13(r30),r2
  681  000016e0          	L12_LF2:
  682  000016e0  93c1fff3	lbu	r1,-13(r30)
  683  000016e4  64220000	snei	r2,r1,#0
  684  000016e8  1440000c	bnez	r2,L13_LF2
  685  000016ec  54000000	nop; delay slot nop
  686  000016f0  0800000c	j	L11_LF2
  687  000016f4  54000000	nop; delay slot nop
  688  000016f8          	L13_LF2:
  689  000016f8  0bffffc0	j	L10_LF2
  690  000016fc  54000000	nop; delay slot nop
  691  00001700          	L11_LF2:
  692  00001700  8fc1fff4	lw	r1,-12(r30)
  693  00001704  08000004	j	L9_LF2
  694  00001708  54000000	nop; delay slot nop
  695  0000170c          	L9_LF2:
  696  0000170c  8fa20000	lw	r2,0(r29)
  697  00001710  8fa30004	lw	r3,4(r29)
  698  00001714  8fdffff8	lw	r31,-8(r30)
  699  00001718  001ee820	add	r29,r0,r30
  700  0000171c  8fdefffc	lw	r30,-4(r30)
  701  00001720  4be00000	jr	r31
  702  00001724  54000000	nop
  703  00001728          	.endproc _dstrcpy
  704  00001728          	.align 2
  705  00001728          	.proc _dstrncpy
  706  00001728          	.global _dstrncpy
  707  00001728          	_dstrncpy:
  708                      ;  Function 'dstrncpy'; 8 bytes of locals, 2 regs to save.
  709  00001728  afbefffc	sw	-4(r29),r30; push fp
  710  0000172c  001df020	add	r30,r0,r29; fp = sp
  711  00001730  afbffff8	sw	-8(r29),r31; push ret addr
  712  00001734  2fbd0018	subui	r29,r29,#24; alloc local storage
  713  00001738  afa20000	sw	0(r29),r2
  714  0000173c  afa30004	sw	4(r29),r3
  715  00001740  8fc10000	lw	r1,(r30)
  716  00001744  afc1fff4	sw	-12(r30),r1
  717  00001748          	L15_LF2:
  718  00001748  8fc10008	lw	r1,8(r30)
  719  0000174c  2022ffff	addi	r2,r1,#-1
  720  00001750  afc20008	sw	8(r30),r2
  721  00001754  70210000	slei	r1,r1,#0
  722  00001758  1020000c	beqz	r1,L18_LF2
  723  0000175c  54000000	nop; delay slot nop
  724  00001760  08000048	j	L16_LF2
  725  00001764  54000000	nop; delay slot nop
  726  00001768          	L18_LF2:
  727  00001768  8fc10000	lw	r1,(r30)
  728  0000176c  20220001	addi	r2,r1,#1
  729  00001770  afc20000	sw	(r30),r2
  730  00001774  8fc20004	lw	r2,4(r30)
  731  00001778  20430001	addi	r3,r2,#1
  732  0000177c  afc30004	sw	4(r30),r3
  733  00001780  80420000	lb	r2,(r2)
  734  00001784  a0220000	sb	(r1),r2
  735  00001788  a3c2fff3	sb	-13(r30),r2
  736  0000178c          	L17_LF2:
  737  0000178c  93c1fff3	lbu	r1,-13(r30)
  738  00001790  64220000	snei	r2,r1,#0
  739  00001794  1440000c	bnez	r2,L19_LF2
  740  00001798  54000000	nop; delay slot nop
  741  0000179c  0800000c	j	L16_LF2
  742  000017a0  54000000	nop; delay slot nop
  743  000017a4          	L19_LF2:
  744  000017a4  0bffffa0	j	L15_LF2
  745  000017a8  54000000	nop; delay slot nop
  746  000017ac          	L16_LF2:
  747  000017ac  8fc1fff4	lw	r1,-12(r30)
  748  000017b0  08000004	j	L14_LF2
  749  000017b4  54000000	nop; delay slot nop
  750  000017b8          	L14_LF2:
  751  000017b8  8fa20000	lw	r2,0(r29)
  752  000017bc  8fa30004	lw	r3,4(r29)
  753  000017c0  8fdffff8	lw	r31,-8(r30)
  754  000017c4  001ee820	add	r29,r0,r30
  755  000017c8  8fdefffc	lw	r30,-4(r30)
  756  000017cc  4be00000	jr	r31
  757  000017d0  54000000	nop
  758  000017d4          	.endproc _dstrncpy
  759  000017d4          	.align 2
  760  000017d4          	.proc _dstrcat
  761  000017d4          	.global _dstrcat
  762  000017d4          	_dstrcat:
  763                      ;  Function 'dstrcat'; 8 bytes of locals, 1 regs to save.
  764  000017d4  afbefffc	sw	-4(r29),r30; push fp
  765  000017d8  001df020	add	r30,r0,r29; fp = sp
  766  000017dc  afbffff8	sw	-8(r29),r31; push ret addr
  767  000017e0  2fbd0018	subui	r29,r29,#24; alloc local storage
  768  000017e4  afa20000	sw	0(r29),r2
  769  000017e8  8fc10000	lw	r1,(r30)
  770  000017ec  afc1fff4	sw	-12(r30),r1
  771  000017f0          	L21_LF2:
  772  000017f0  8fc10000	lw	r1,(r30)
  773  000017f4  90220000	lbu	r2,(r1)
  774  000017f8  64410000	snei	r1,r2,#0
  775  000017fc  1420000c	bnez	r1,L23_LF2
  776  00001800  54000000	nop; delay slot nop
  777  00001804  0800001c	j	L22_LF2
  778  00001808  54000000	nop; delay slot nop
  779  0000180c          	L23_LF2:
  780  0000180c  8fc20000	lw	r2,(r30)
  781  00001810  20410001	addi	r1,r2,#1
  782  00001814  00011020	add	r2,r0,r1
  783  00001818  afc20000	sw	(r30),r2
  784  0000181c  0bffffd0	j	L21_LF2
  785  00001820  54000000	nop; delay slot nop
  786  00001824          	L22_LF2:
  787  00001824  23bdfff8	addi	r29,r29,#-8
  788  00001828  001d0820	add	r1,r0,r29
  789  0000182c  8fc20000	lw	r2,(r30)
  790  00001830  ac220000	sw	(r1),r2
  791  00001834  8fc20004	lw	r2,4(r30)
  792  00001838  ac220004	sw	4(r1),r2
  793  0000183c  0ffffe5c	jal	_dstrcpy
  794  00001840  54000000	nop; delay slot nop
  795  00001844  23bd0008	addi	r29,r29,#8
  796  00001848  8fc1fff4	lw	r1,-12(r30)
  797  0000184c  08000004	j	L20_LF2
  798  00001850  54000000	nop; delay slot nop
  799  00001854          	L20_LF2:
  800  00001854  8fa20000	lw	r2,0(r29)
  801  00001858  8fdffff8	lw	r31,-8(r30)
  802  0000185c  001ee820	add	r29,r0,r30
  803  00001860  8fdefffc	lw	r30,-4(r30)
  804  00001864  4be00000	jr	r31
  805  00001868  54000000	nop
  806  0000186c          	.endproc _dstrcat
  807  0000186c          	.align 2
  808  0000186c          	.proc _dstrncmp
  809  0000186c          	.global _dstrncmp
  810  0000186c          	_dstrncmp:
  811                      ;  Function 'dstrncmp'; 8 bytes of locals, 2 regs to save.
  812  0000186c  afbefffc	sw	-4(r29),r30; push fp
  813  00001870  001df020	add	r30,r0,r29; fp = sp
  814  00001874  afbffff8	sw	-8(r29),r31; push ret addr
  815  00001878  2fbd0018	subui	r29,r29,#24; alloc local storage
  816  0000187c  afa20000	sw	0(r29),r2
  817  00001880  afa30004	sw	4(r29),r3
  818  00001884  54000000	nop
  819  00001888  20010000	addi	r1,r0,#0
  820  0000188c  afc1fff4	sw	-12(r30),r1
  821  00001890          	L25_LF2:
  822  00001890  8fc1fff4	lw	r1,-12(r30)
  823  00001894  8fc20008	lw	r2,8(r30)
  824  00001898  0022082a	slt	r1,r1,r2
  825  0000189c  1420000c	bnez	r1,L28_LF2
  826  000018a0  54000000	nop; delay slot nop
  827  000018a4  08000088	j	L26_LF2
  828  000018a8  54000000	nop; delay slot nop
  829  000018ac          	L28_LF2:
  830  000018ac  8fc10004	lw	r1,4(r30)
  831  000018b0  90220000	lbu	r2,(r1)
  832  000018b4  64410000	snei	r1,r2,#0
  833  000018b8  14200018	bnez	r1,L29_LF2
  834  000018bc  54000000	nop; delay slot nop
  835  000018c0  20010000	addi	r1,r0,#0
  836  000018c4  080000d8	j	L24_LF2
  837  000018c8  54000000	nop; delay slot nop
  838  000018cc  08000028	j	L30_LF2
  839  000018d0  54000000	nop; delay slot nop
  840  000018d4          	L29_LF2:
  841  000018d4  8fc10000	lw	r1,(r30)
  842  000018d8  8fc20004	lw	r2,4(r30)
  843  000018dc  90210000	lbu	r1,(r1)
  844  000018e0  90420000	lbu	r2,(r2)
  845  000018e4  00220829	sne	r1,r1,r2
  846  000018e8  1020000c	beqz	r1,L30_LF2
  847  000018ec  54000000	nop; delay slot nop
  848  000018f0  0800003c	j	L26_LF2
  849  000018f4  54000000	nop; delay slot nop
  850  000018f8          	L31_LF2:
  851  000018f8          	L30_LF2:
  852  000018f8  8fc20000	lw	r2,(r30)
  853  000018fc  20410001	addi	r1,r2,#1
  854  00001900  00011020	add	r2,r0,r1
  855  00001904  afc20000	sw	(r30),r2
  856  00001908  8fc20004	lw	r2,4(r30)
  857  0000190c  20410001	addi	r1,r2,#1
  858  00001910  00011020	add	r2,r0,r1
  859  00001914  afc20004	sw	4(r30),r2
  860  00001918          	L27_LF2:
  861  00001918  8fc2fff4	lw	r2,-12(r30)
  862  0000191c  20410001	addi	r1,r2,#1
  863  00001920  00011020	add	r2,r0,r1
  864  00001924  afc2fff4	sw	-12(r30),r2
  865  00001928  0bffff64	j	L25_LF2
  866  0000192c  54000000	nop; delay slot nop
  867  00001930          	L26_LF2:
  868  00001930  8fc1fff4	lw	r1,-12(r30)
  869  00001934  8fc20008	lw	r2,8(r30)
  870  00001938  00220828	seq	r1,r1,r2
  871  0000193c  10200018	beqz	r1,L32_LF2
  872  00001940  54000000	nop; delay slot nop
  873  00001944  20010000	addi	r1,r0,#0
  874  00001948  08000054	j	L24_LF2
  875  0000194c  54000000	nop; delay slot nop
  876  00001950  0800004c	j	L33_LF2
  877  00001954  54000000	nop; delay slot nop
  878  00001958          	L32_LF2:
  879  00001958  8fc20000	lw	r2,(r30)
  880  0000195c  90410000	lbu	r1,(r2)
  881  00001960  8fc20004	lw	r2,4(r30)
  882  00001964  90430000	lbu	r3,(r2)
  883  00001968  00230822	sub	r1,r1,r3
  884  0000196c  74220000	sgei	r2,r1,#0
  885  00001970  10400020	beqz	r2,L34_LF2
  886  00001974  54000000	nop; delay slot nop
  887  00001978  8fc10000	lw	r1,(r30)
  888  0000197c  8fc20004	lw	r2,4(r30)
  889  00001980  90210000	lbu	r1,(r1)
  890  00001984  90420000	lbu	r2,(r2)
  891  00001988  00220829	sne	r1,r1,r2
  892  0000198c  08000008	j	L35_LF2
  893  00001990  54000000	nop; delay slot nop
  894  00001994          	L34_LF2:
  895  00001994  2001ffff	addi	r1,r0,#-1
  896  00001998          	L35_LF2:
  897  00001998  08000004	j	L24_LF2
  898  0000199c  54000000	nop; delay slot nop
  899  000019a0          	L33_LF2:
  900  000019a0          	L24_LF2:
  901  000019a0  8fa20000	lw	r2,0(r29)
  902  000019a4  8fa30004	lw	r3,4(r29)
  903  000019a8  8fdffff8	lw	r31,-8(r30)
  904  000019ac  001ee820	add	r29,r0,r30
  905  000019b0  8fdefffc	lw	r30,-4(r30)
  906  000019b4  4be00000	jr	r31
  907  000019b8  54000000	nop
  908  000019bc          	.endproc _dstrncmp
  909  000019bc          	.align 2
  910  000019bc          	.proc _dstrlen
  911  000019bc          	.global _dstrlen
  912  000019bc          	_dstrlen:
  913                      ;  Function 'dstrlen'; 8 bytes of locals, 1 regs to save.
  914  000019bc  afbefffc	sw	-4(r29),r30; push fp
  915  000019c0  001df020	add	r30,r0,r29; fp = sp
  916  000019c4  afbffff8	sw	-8(r29),r31; push ret addr
  917  000019c8  2fbd0018	subui	r29,r29,#24; alloc local storage
  918  000019cc  afa20000	sw	0(r29),r2
  919  000019d0  20010000	addi	r1,r0,#0
  920  000019d4  afc1fff4	sw	-12(r30),r1
  921  000019d8          	L37_LF2:
  922  000019d8  8fc10000	lw	r1,(r30)
  923  000019dc  20220001	addi	r2,r1,#1
  924  000019e0  afc20000	sw	(r30),r2
  925  000019e4  90210000	lbu	r1,(r1)
  926  000019e8  64220000	snei	r2,r1,#0
  927  000019ec  1440000c	bnez	r2,L39_LF2
  928  000019f0  54000000	nop; delay slot nop
  929  000019f4  0800001c	j	L38_LF2
  930  000019f8  54000000	nop; delay slot nop
  931  000019fc          	L39_LF2:
  932  000019fc  8fc2fff4	lw	r2,-12(r30)
  933  00001a00  20410001	addi	r1,r2,#1
  934  00001a04  00011020	add	r2,r0,r1
  935  00001a08  afc2fff4	sw	-12(r30),r2
  936  00001a0c  0bffffc8	j	L37_LF2
  937  00001a10  54000000	nop; delay slot nop
  938  00001a14          	L38_LF2:
  939  00001a14  8fc1fff4	lw	r1,-12(r30)
  940  00001a18  08000004	j	L36_LF2
  941  00001a1c  54000000	nop; delay slot nop
  942  00001a20          	L36_LF2:
  943  00001a20  8fa20000	lw	r2,0(r29)
  944  00001a24  8fdffff8	lw	r31,-8(r30)
  945  00001a28  001ee820	add	r29,r0,r30
  946  00001a2c  8fdefffc	lw	r30,-4(r30)
  947  00001a30  4be00000	jr	r31
  948  00001a34  54000000	nop
  949  00001a38          	.endproc _dstrlen
  950  00001a38          	.align 2
  951  00001a38          	.proc _dstrstr
  952  00001a38          	.global _dstrstr
  953  00001a38          	_dstrstr:
  954                      ;  Function 'dstrstr'; 8 bytes of locals, 1 regs to save.
  955  00001a38  afbefffc	sw	-4(r29),r30; push fp
  956  00001a3c  001df020	add	r30,r0,r29; fp = sp
  957  00001a40  afbffff8	sw	-8(r29),r31; push ret addr
  958  00001a44  2fbd0018	subui	r29,r29,#24; alloc local storage
  959  00001a48  afa20000	sw	0(r29),r2
  960  00001a4c  23bdfff8	addi	r29,r29,#-8
  961  00001a50  001d0820	add	r1,r0,r29
  962  00001a54  8fc20004	lw	r2,4(r30)
  963  00001a58  ac220000	sw	(r1),r2
  964  00001a5c  0fffff5c	jal	_dstrlen
  965  00001a60  54000000	nop; delay slot nop
  966  00001a64  23bd0008	addi	r29,r29,#8
  967  00001a68  afc1fff4	sw	-12(r30),r1
  968  00001a6c          	L41_LF2:
  969  00001a6c  8fc10000	lw	r1,(r30)
  970  00001a70  90220000	lbu	r2,(r1)
  971  00001a74  64410000	snei	r1,r2,#0
  972  00001a78  1420000c	bnez	r1,L43_LF2
  973  00001a7c  54000000	nop; delay slot nop
  974  00001a80  08000060	j	L42_LF2
  975  00001a84  54000000	nop; delay slot nop
  976  00001a88          	L43_LF2:
  977  00001a88  23bdfff0	addi	r29,r29,#-16
  978  00001a8c  001d0820	add	r1,r0,r29
  979  00001a90  8fc20000	lw	r2,(r30)
  980  00001a94  ac220000	sw	(r1),r2
  981  00001a98  8fc20004	lw	r2,4(r30)
  982  00001a9c  ac220004	sw	4(r1),r2
  983  00001aa0  8fc2fff4	lw	r2,-12(r30)
  984  00001aa4  ac220008	sw	8(r1),r2
  985  00001aa8  0ffffdc0	jal	_dstrncmp
  986  00001aac  54000000	nop; delay slot nop
  987  00001ab0  23bd0010	addi	r29,r29,#16
  988  00001ab4  64220000	snei	r2,r1,#0
  989  00001ab8  14400010	bnez	r2,L44_LF2
  990  00001abc  54000000	nop; delay slot nop
  991  00001ac0  8fc10000	lw	r1,(r30)
  992  00001ac4  08000028	j	L40_LF2
  993  00001ac8  54000000	nop; delay slot nop
  994  00001acc          	L44_LF2:
  995  00001acc  8fc20000	lw	r2,(r30)
  996  00001ad0  20410001	addi	r1,r2,#1
  997  00001ad4  00011020	add	r2,r0,r1
  998  00001ad8  afc20000	sw	(r30),r2
  999  00001adc  0bffff8c	j	L41_LF2
 1000  00001ae0  54000000	nop; delay slot nop
 1001  00001ae4          	L42_LF2:
 1002  00001ae4  20010000	addi	r1,r0,#0
 1003  00001ae8  08000004	j	L40_LF2
 1004  00001aec  54000000	nop; delay slot nop
 1005  00001af0          	L40_LF2:
 1006  00001af0  8fa20000	lw	r2,0(r29)
 1007  00001af4  8fdffff8	lw	r31,-8(r30)
 1008  00001af8  001ee820	add	r29,r0,r30
 1009  00001afc  8fdefffc	lw	r30,-4(r30)
 1010  00001b00  4be00000	jr	r31
 1011  00001b04  54000000	nop
 1012  00001b08          	.endproc _dstrstr
 1013  00001b08          	.align 2
 1014  00001b08          	.proc _dmindex
 1015  00001b08          	.global _dmindex
 1016  00001b08          	_dmindex:
 1017                      ;  Function 'dmindex'; 8 bytes of locals, 1 regs to save.
 1018  00001b08  afbefffc	sw	-4(r29),r30; push fp
 1019  00001b0c  001df020	add	r30,r0,r29; fp = sp
 1020  00001b10  afbffff8	sw	-8(r29),r31; push ret addr
 1021  00001b14  2fbd0018	subui	r29,r29,#24; alloc local storage
 1022  00001b18  afa20000	sw	0(r29),r2
 1023  00001b1c  54000000	nop
 1024  00001b20          	L46_LF2:
 1025  00001b20  8fc10000	lw	r1,(r30)
 1026  00001b24  90220000	lbu	r2,(r1)
 1027  00001b28  64410000	snei	r1,r2,#0
 1028  00001b2c  1420000c	bnez	r1,L48_LF2
 1029  00001b30  54000000	nop; delay slot nop
 1030  00001b34  08000070	j	L47_LF2
 1031  00001b38  54000000	nop; delay slot nop
 1032  00001b3c          	L48_LF2:
 1033  00001b3c  8fc10004	lw	r1,4(r30)
 1034  00001b40  afc1fff4	sw	-12(r30),r1
 1035  00001b44          	L49_LF2:
 1036  00001b44  8fc1fff4	lw	r1,-12(r30)
 1037  00001b48  90220000	lbu	r2,(r1)
 1038  00001b4c  64410000	snei	r1,r2,#0
 1039  00001b50  1420000c	bnez	r1,L52_LF2
 1040  00001b54  54000000	nop; delay slot nop
 1041  00001b58  08000044	j	L50_LF2
 1042  00001b5c  54000000	nop; delay slot nop
 1043  00001b60          	L52_LF2:
 1044  00001b60  8fc10000	lw	r1,(r30)
 1045  00001b64  8fc2fff4	lw	r2,-12(r30)
 1046  00001b68  90210000	lbu	r1,(r1)
 1047  00001b6c  90420000	lbu	r2,(r2)
 1048  00001b70  00220828	seq	r1,r1,r2
 1049  00001b74  10200010	beqz	r1,L51_LF2
 1050  00001b78  54000000	nop; delay slot nop
 1051  00001b7c  8fc10000	lw	r1,(r30)
 1052  00001b80  08000030	j	L45_LF2
 1053  00001b84  54000000	nop; delay slot nop
 1054  00001b88          	L53_LF2:
 1055  00001b88          	L51_LF2:
 1056  00001b88  8fc2fff4	lw	r2,-12(r30)
 1057  00001b8c  20410001	addi	r1,r2,#1
 1058  00001b90  00011020	add	r2,r0,r1
 1059  00001b94  afc2fff4	sw	-12(r30),r2
 1060  00001b98  0bffffa8	j	L49_LF2
 1061  00001b9c  54000000	nop; delay slot nop
 1062  00001ba0          	L50_LF2:
 1063  00001ba0  0bffff7c	j	L46_LF2
 1064  00001ba4  54000000	nop; delay slot nop
 1065  00001ba8          	L47_LF2:
 1066  00001ba8  20010000	addi	r1,r0,#0
 1067  00001bac  08000004	j	L45_LF2
 1068  00001bb0  54000000	nop; delay slot nop
 1069  00001bb4          	L45_LF2:
 1070  00001bb4  8fa20000	lw	r2,0(r29)
 1071  00001bb8  8fdffff8	lw	r31,-8(r30)
 1072  00001bbc  001ee820	add	r29,r0,r30
 1073  00001bc0  8fdefffc	lw	r30,-4(r30)
 1074  00001bc4  4be00000	jr	r31
 1075  00001bc8  54000000	nop
 1076  00001bcc          	.endproc _dmindex
 1077  00001bcc          	.align 2
 1078  00001bcc          	.proc _dindex
 1079  00001bcc          	.global _dindex
 1080  00001bcc          	_dindex:
 1081                      ;  Function 'dindex'; 0 bytes of locals, 1 regs to save.
 1082  00001bcc  afbefffc	sw	-4(r29),r30; push fp
 1083  00001bd0  001df020	add	r30,r0,r29; fp = sp
 1084  00001bd4  afbffff8	sw	-8(r29),r31; push ret addr
 1085  00001bd8  2fbd0010	subui	r29,r29,#16; alloc local storage
 1086  00001bdc  afa20000	sw	0(r29),r2
 1087  00001be0  54000000	nop
 1088  00001be4          	L55_LF2:
 1089  00001be4  8fc10000	lw	r1,(r30)
 1090  00001be8  90220000	lbu	r2,(r1)
 1091  00001bec  64410000	snei	r1,r2,#0
 1092  00001bf0  1420000c	bnez	r1,L57_LF2
 1093  00001bf4  54000000	nop; delay slot nop
 1094  00001bf8  08000040	j	L56_LF2
 1095  00001bfc  54000000	nop; delay slot nop
 1096  00001c00          	L57_LF2:
 1097  00001c00  8fc10000	lw	r1,(r30)
 1098  00001c04  90220000	lbu	r2,(r1)
 1099  00001c08  8fc10004	lw	r1,4(r30)
 1100  00001c0c  00411028	seq	r2,r2,r1
 1101  00001c10  10400010	beqz	r2,L58_LF2
 1102  00001c14  54000000	nop; delay slot nop
 1103  00001c18  8fc10000	lw	r1,(r30)
 1104  00001c1c  08000028	j	L54_LF2
 1105  00001c20  54000000	nop; delay slot nop
 1106  00001c24          	L58_LF2:
 1107  00001c24  8fc20000	lw	r2,(r30)
 1108  00001c28  20410001	addi	r1,r2,#1
 1109  00001c2c  00011020	add	r2,r0,r1
 1110  00001c30  afc20000	sw	(r30),r2
 1111  00001c34  0bffffac	j	L55_LF2
 1112  00001c38  54000000	nop; delay slot nop
 1113  00001c3c          	L56_LF2:
 1114  00001c3c  20010000	addi	r1,r0,#0
 1115  00001c40  08000004	j	L54_LF2
 1116  00001c44  54000000	nop; delay slot nop
 1117  00001c48          	L54_LF2:
 1118  00001c48  8fa20000	lw	r2,0(r29)
 1119  00001c4c  8fdffff8	lw	r31,-8(r30)
 1120  00001c50  001ee820	add	r29,r0,r30
 1121  00001c54  8fdefffc	lw	r30,-4(r30)
 1122  00001c58  4be00000	jr	r31
 1123  00001c5c  54000000	nop
 1124  00001c60          	.endproc _dindex
 1125  00001c60          	.align 2
 1126  00001c60          	.proc _ditoa
 1127  00001c60          	.global _ditoa
 1128  00001c60          	_ditoa:
 1129                      ;  Function 'ditoa'; 8 bytes of locals, 2 regs to save.
 1130  00001c60  afbefffc	sw	-4(r29),r30; push fp
 1131  00001c64  001df020	add	r30,r0,r29; fp = sp
 1132  00001c68  afbffff8	sw	-8(r29),r31; push ret addr
 1133  00001c6c  2fbd0018	subui	r29,r29,#24; alloc local storage
 1134  00001c70  afa20000	sw	0(r29),r2
 1135  00001c74  afa30004	sw	4(r29),r3
 1136  00001c78  8fc10000	lw	r1,(r30)
 1137  00001c7c  68220000	slti	r2,r1,#0
 1138  00001c80  1040002c	beqz	r2,L60_LF2
 1139  00001c84  54000000	nop; delay slot nop
 1140  00001c88  8fc10004	lw	r1,4(r30)
 1141  00001c8c  20220001	addi	r2,r1,#1
 1142  00001c90  afc20004	sw	4(r30),r2
 1143  00001c94  2002002d	addi	r2,r0,(#0x2d)&0xff
 1144  00001c98  a0220000	sb	(r1),r2
 1145  00001c9c  8fc10000	lw	r1,(r30)
 1146  00001ca0  00011022	sub	r2,r0,r1
 1147  00001ca4  afc20000	sw	(r30),r2
 1148  00001ca8  08000118	j	L61_LF2
 1149  00001cac  54000000	nop; delay slot nop
 1150  00001cb0          	L60_LF2:
 1151  00001cb0  8fc10000	lw	r1,(r30)
 1152  00001cb4  64220000	snei	r2,r1,#0
 1153  00001cb8  14400020	bnez	r2,L62_LF2
 1154  00001cbc  54000000	nop; delay slot nop
 1155  00001cc0  8fc10004	lw	r1,4(r30)
 1156  00001cc4  20220001	addi	r2,r1,#1
 1157  00001cc8  afc20004	sw	4(r30),r2
 1158  00001ccc  20020030	addi	r2,r0,(#0x30)&0xff
 1159  00001cd0  a0220000	sb	(r1),r2
 1160  00001cd4  080000ec	j	L61_LF2
 1161  00001cd8  54000000	nop; delay slot nop
 1162  00001cdc          	L62_LF2:
 1163  00001cdc  20010001	addi	r1,r0,#1
 1164  00001ce0  afc1fff4	sw	-12(r30),r1
 1165  00001ce4          	L64_LF2:
 1166  00001ce4  8fc1fff4	lw	r1,-12(r30)
 1167  00001ce8  8fc20000	lw	r2,(r30)
 1168  00001cec  0022082c	sle	r1,r1,r2
 1169  00001cf0  1420000c	bnez	r1,L66_LF2
 1170  00001cf4  54000000	nop; delay slot nop
 1171  00001cf8  08000024	j	L65_LF2
 1172  00001cfc  54000000	nop; delay slot nop
 1173  00001d00          	L67_LF2:
 1174  00001d00          	L66_LF2:
 1175  00001d00  8fc1fff4	lw	r1,-12(r30)
 1176  00001d04  00011820	add	r3,r0,r1
 1177  00001d08  50620002	slli	r2,r3,#0x2
 1178  00001d0c  00411020	add	r2,r2,r1
 1179  00001d10  50410001	slli	r1,r2,#0x1
 1180  00001d14  afc1fff4	sw	-12(r30),r1
 1181  00001d18  0bffffc8	j	L64_LF2
 1182  00001d1c  54000000	nop; delay slot nop
 1183  00001d20          	L65_LF2:
 1184  00001d20  54000000	nop
 1185  00001d24          	L68_LF2:
 1186  00001d24  8fc1fff4	lw	r1,-12(r30)
 1187  00001d28  2002000a	addi	r2,r0,#10
 1188  00001d2c  00200035	movi2fp	f0,r1
 1189  00001d30  00400835	movi2fp	f1,r2
 1190  00001d34  0401000f	div	f0,f0,f1
 1191  00001d38  00000834	movfp2i	r1,f0
 1192  00001d3c  afc1fff4	sw	-12(r30),r1
 1193  00001d40  8fc10004	lw	r1,4(r30)
 1194  00001d44  20220001	addi	r2,r1,#1
 1195  00001d48  afc20004	sw	4(r30),r2
 1196  00001d4c  8fc20000	lw	r2,(r30)
 1197  00001d50  8fc3fff4	lw	r3,-12(r30)
 1198  00001d54  00400035	movi2fp	f0,r2
 1199  00001d58  00600835	movi2fp	f1,r3
 1200  00001d5c  0401000f	div	f0,f0,f1
 1201  00001d60  00001034	movfp2i	r2,f0
 1202  00001d64  00021820	add	r3,r0,r2
 1203  00001d68  20620030	addi	r2,r3,#48
 1204  00001d6c  a0220000	sb	(r1),r2
 1205  00001d70  8fc10000	lw	r1,(r30)
 1206  00001d74  8fc3fff4	lw	r3,-12(r30)
 1207  00001d78  00200035	movi2fp	f0,r1
 1208  00001d7c  00600835	movi2fp	f1,r3
 1209  00001d80  0401000f	div	f0,f0,f1
 1210  00001d84  00001034	movfp2i	r2,f0
 1211  00001d88  8fc3fff4	lw	r3,-12(r30)
 1212  00001d8c  00400035	movi2fp	f0,r2
 1213  00001d90  00600835	movi2fp	f1,r3
 1214  00001d94  0401000e	mult	f0,f0,f1
 1215  00001d98  00001034	movfp2i	r2,f0
 1216  00001d9c  00220822	sub	r1,r1,r2
 1217  00001da0  afc10000	sw	(r30),r1
 1218  00001da4          	L70_LF2:
 1219  00001da4  8fc1fff4	lw	r1,-12(r30)
 1220  00001da8  6c220001	sgti	r2,r1,#1
 1221  00001dac  1440000c	bnez	r2,L71_LF2
 1222  00001db0  54000000	nop; delay slot nop
 1223  00001db4  0800000c	j	L61_LF2
 1224  00001db8  54000000	nop; delay slot nop
 1225  00001dbc          	L71_LF2:
 1226  00001dbc  0bffff64	j	L68_LF2
 1227  00001dc0  54000000	nop; delay slot nop
 1228  00001dc4          	L69_LF2:
 1229  00001dc4          	L63_LF2:
 1230  00001dc4          	L61_LF2:
 1231  00001dc4  8fc10004	lw	r1,4(r30)
 1232  00001dc8  20020000	addi	r2,r0,(#0x0)&0xff
 1233  00001dcc  a0220000	sb	(r1),r2
 1234  00001dd0          	L59_LF2:
 1235  00001dd0  8fa20000	lw	r2,0(r29)
 1236  00001dd4  8fa30004	lw	r3,4(r29)
 1237  00001dd8  8fdffff8	lw	r31,-8(r30)
 1238  00001ddc  001ee820	add	r29,r0,r30
 1239  00001de0  8fdefffc	lw	r30,-4(r30)
 1240  00001de4  4be00000	jr	r31
 1241  00001de8  54000000	nop
 1242  00001dec          	.endproc _ditoa
 1243  00001dec          	.align 2
 1244  00001dec          	.proc _dstrtol
 1245  00001dec          	.global _dstrtol
 1246  00001dec          	_dstrtol:
 1247                      ;  Function 'dstrtol'; 16 bytes of locals, 1 regs to save.
 1248  00001dec  afbefffc	sw	-4(r29),r30; push fp
 1249  00001df0  001df020	add	r30,r0,r29; fp = sp
 1250  00001df4  afbffff8	sw	-8(r29),r31; push ret addr
 1251  00001df8  2fbd0020	subui	r29,r29,#32; alloc local storage
 1252  00001dfc  afa20000	sw	0(r29),r2
 1253  00001e00  20010000	addi	r1,r0,#0
 1254  00001e04  afc1fff4	sw	-12(r30),r1
 1255  00001e08          	L73_LF2:
 1256  00001e08  8fc10000	lw	r1,(r30)
 1257  00001e0c  90220000	lbu	r2,(r1)
 1258  00001e10  60410020	seqi	r1,r2,#32
 1259  00001e14  14200034	bnez	r1,L75_LF2
 1260  00001e18  54000000	nop; delay slot nop
 1261  00001e1c  8fc10000	lw	r1,(r30)
 1262  00001e20  90220000	lbu	r2,(r1)
 1263  00001e24  60410009	seqi	r1,r2,#9
 1264  00001e28  14200020	bnez	r1,L75_LF2
 1265  00001e2c  54000000	nop; delay slot nop
 1266  00001e30  8fc10000	lw	r1,(r30)
 1267  00001e34  90220000	lbu	r2,(r1)
 1268  00001e38  6041000a	seqi	r1,r2,#10
 1269  00001e3c  1420000c	bnez	r1,L75_LF2
 1270  00001e40  54000000	nop; delay slot nop
 1271  00001e44  0800001c	j	L74_LF2
 1272  00001e48  54000000	nop; delay slot nop
 1273  00001e4c          	L75_LF2:
 1274  00001e4c  8fc20000	lw	r2,(r30)
 1275  00001e50  20410001	addi	r1,r2,#1
 1276  00001e54  00011020	add	r2,r0,r1
 1277  00001e58  afc20000	sw	(r30),r2
 1278  00001e5c  0bffffa8	j	L73_LF2
 1279  00001e60  54000000	nop; delay slot nop
 1280  00001e64          	L74_LF2:
 1281  00001e64  8fc10004	lw	r1,4(r30)
 1282  00001e68  64220000	snei	r2,r1,#0
 1283  00001e6c  10400010	beqz	r2,L76_LF2
 1284  00001e70  54000000	nop; delay slot nop
 1285  00001e74  8fc10004	lw	r1,4(r30)
 1286  00001e78  8fc20000	lw	r2,(r30)
 1287  00001e7c  ac220000	sw	(r1),r2
 1288  00001e80          	L76_LF2:
 1289  00001e80  8fc10000	lw	r1,(r30)
 1290  00001e84  90220000	lbu	r2,(r1)
 1291  00001e88  64410000	snei	r1,r2,#0
 1292  00001e8c  14200010	bnez	r1,L77_LF2
 1293  00001e90  54000000	nop; delay slot nop
 1294  00001e94  8fc1fff4	lw	r1,-12(r30)
 1295  00001e98  08000294	j	L72_LF2
 1296  00001e9c  54000000	nop; delay slot nop
 1297  00001ea0          	L77_LF2:
 1298  00001ea0  8fc10000	lw	r1,(r30)
 1299  00001ea4  90220000	lbu	r2,(r1)
 1300  00001ea8  6041002d	seqi	r1,r2,#45
 1301  00001eac  10200024	beqz	r1,L78_LF2
 1302  00001eb0  54000000	nop; delay slot nop
 1303  00001eb4  2001ffff	addi	r1,r0,#-1
 1304  00001eb8  afc1ffec	sw	-20(r30),r1
 1305  00001ebc  8fc20000	lw	r2,(r30)
 1306  00001ec0  20410001	addi	r1,r2,#1
 1307  00001ec4  00011020	add	r2,r0,r1
 1308  00001ec8  afc20000	sw	(r30),r2
 1309  00001ecc  0800000c	j	L79_LF2
 1310  00001ed0  54000000	nop; delay slot nop
 1311  00001ed4          	L78_LF2:
 1312  00001ed4  20010001	addi	r1,r0,#1
 1313  00001ed8  afc1ffec	sw	-20(r30),r1
 1314  00001edc          	L79_LF2:
 1315  00001edc  8fc10008	lw	r1,8(r30)
 1316  00001ee0  64220000	snei	r2,r1,#0
 1317  00001ee4  14400090	bnez	r2,L80_LF2
 1318  00001ee8  54000000	nop; delay slot nop
 1319  00001eec  8fc10000	lw	r1,(r30)
 1320  00001ef0  90220000	lbu	r2,(r1)
 1321  00001ef4  60410030	seqi	r1,r2,#48
 1322  00001ef8  10200074	beqz	r1,L81_LF2
 1323  00001efc  54000000	nop; delay slot nop
 1324  00001f00  8fc20000	lw	r2,(r30)
 1325  00001f04  20410001	addi	r1,r2,#1
 1326  00001f08  00011020	add	r2,r0,r1
 1327  00001f0c  afc20000	sw	(r30),r2
 1328  00001f10  8fc10000	lw	r1,(r30)
 1329  00001f14  90220000	lbu	r2,(r1)
 1330  00001f18  60410078	seqi	r1,r2,#120
 1331  00001f1c  14200020	bnez	r1,L83_LF2
 1332  00001f20  54000000	nop; delay slot nop
 1333  00001f24  8fc10000	lw	r1,(r30)
 1334  00001f28  90220000	lbu	r2,(r1)
 1335  00001f2c  60410058	seqi	r1,r2,#88
 1336  00001f30  1420000c	bnez	r1,L83_LF2
 1337  00001f34  54000000	nop; delay slot nop
 1338  00001f38  08000024	j	L82_LF2
 1339  00001f3c  54000000	nop; delay slot nop
 1340  00001f40          	L83_LF2:
 1341  00001f40  20010010	addi	r1,r0,#16
 1342  00001f44  afc10008	sw	8(r30),r1
 1343  00001f48  8fc20000	lw	r2,(r30)
 1344  00001f4c  20410001	addi	r1,r2,#1
 1345  00001f50  00011020	add	r2,r0,r1
 1346  00001f54  afc20000	sw	(r30),r2
 1347  00001f58  0800000c	j	L84_LF2
 1348  00001f5c  54000000	nop; delay slot nop
 1349  00001f60          	L82_LF2:
 1350  00001f60  20010008	addi	r1,r0,#8
 1351  00001f64  afc10008	sw	8(r30),r1
 1352  00001f68          	L84_LF2:
 1353  00001f68  0800000c	j	L80_LF2
 1354  00001f6c  54000000	nop; delay slot nop
 1355  00001f70          	L81_LF2:
 1356  00001f70  2001000a	addi	r1,r0,#10
 1357  00001f74  afc10008	sw	8(r30),r1
 1358  00001f78          	L85_LF2:
 1359  00001f78          	L80_LF2:
 1360  00001f78  8fc10008	lw	r1,8(r30)
 1361  00001f7c  70220000	slei	r2,r1,#0
 1362  00001f80  1440001c	bnez	r2,L87_LF2
 1363  00001f84  54000000	nop; delay slot nop
 1364  00001f88  8fc10008	lw	r1,8(r30)
 1365  00001f8c  6c220010	sgti	r2,r1,#16
 1366  00001f90  1440000c	bnez	r2,L87_LF2
 1367  00001f94  54000000	nop; delay slot nop
 1368  00001f98  08000010	j	L86_LF2
 1369  00001f9c  54000000	nop; delay slot nop
 1370  00001fa0          	L87_LF2:
 1371  00001fa0  8fc1fff4	lw	r1,-12(r30)
 1372  00001fa4  08000188	j	L72_LF2
 1373  00001fa8  54000000	nop; delay slot nop
 1374  00001fac          	L86_LF2:
 1375  00001fac  54000000	nop
 1376  00001fb0          	L88_LF2:
 1377  00001fb0  8fc10000	lw	r1,(r30)
 1378  00001fb4  90220000	lbu	r2,(r1)
 1379  00001fb8  6c41002f	sgtui	r1,r2,#47
 1380  00001fbc  10200030	beqz	r1,L91_LF2
 1381  00001fc0  54000000	nop; delay slot nop
 1382  00001fc4  8fc10000	lw	r1,(r30)
 1383  00001fc8  90220000	lbu	r2,(r1)
 1384  00001fcc  70410039	sleui	r1,r2,#57
 1385  00001fd0  1020001c	beqz	r1,L91_LF2
 1386  00001fd4  54000000	nop; delay slot nop
 1387  00001fd8  8fc10000	lw	r1,(r30)
 1388  00001fdc  90220000	lbu	r2,(r1)
 1389  00001fe0  2041ffd0	addi	r1,r2,#-48
 1390  00001fe4  afc1fff0	sw	-16(r30),r1
 1391  00001fe8  0800008c	j	L92_LF2
 1392  00001fec  54000000	nop; delay slot nop
 1393  00001ff0          	L91_LF2:
 1394  00001ff0  8fc10000	lw	r1,(r30)
 1395  00001ff4  90220000	lbu	r2,(r1)
 1396  00001ff8  6c410060	sgtui	r1,r2,#96
 1397  00001ffc  10200030	beqz	r1,L93_LF2
 1398  00002000  54000000	nop; delay slot nop
 1399  00002004  8fc10000	lw	r1,(r30)
 1400  00002008  90220000	lbu	r2,(r1)
 1401  0000200c  7041007a	sleui	r1,r2,#122
 1402  00002010  1020001c	beqz	r1,L93_LF2
 1403  00002014  54000000	nop; delay slot nop
 1404  00002018  8fc10000	lw	r1,(r30)
 1405  0000201c  90220000	lbu	r2,(r1)
 1406  00002020  2041ffa9	addi	r1,r2,#-87
 1407  00002024  afc1fff0	sw	-16(r30),r1
 1408  00002028  0800004c	j	L92_LF2
 1409  0000202c  54000000	nop; delay slot nop
 1410  00002030          	L93_LF2:
 1411  00002030  8fc10000	lw	r1,(r30)
 1412  00002034  90220000	lbu	r2,(r1)
 1413  00002038  6c410040	sgtui	r1,r2,#64
 1414  0000203c  10200030	beqz	r1,L95_LF2
 1415  00002040  54000000	nop; delay slot nop
 1416  00002044  8fc10000	lw	r1,(r30)
 1417  00002048  90220000	lbu	r2,(r1)
 1418  0000204c  7041005a	sleui	r1,r2,#90
 1419  00002050  1020001c	beqz	r1,L95_LF2
 1420  00002054  54000000	nop; delay slot nop
 1421  00002058  8fc10000	lw	r1,(r30)
 1422  0000205c  90220000	lbu	r2,(r1)
 1423  00002060  2041ffc9	addi	r1,r2,#-55
 1424  00002064  afc1fff0	sw	-16(r30),r1
 1425  00002068  0800000c	j	L92_LF2
 1426  0000206c  54000000	nop; delay slot nop
 1427  00002070          	L95_LF2:
 1428  00002070  200103e8	addi	r1,r0,#1000
 1429  00002074  afc1fff0	sw	-16(r30),r1
 1430  00002078          	L96_LF2:
 1431  00002078          	L94_LF2:
 1432  00002078          	L92_LF2:
 1433  00002078  8fc1fff0	lw	r1,-16(r30)
 1434  0000207c  8fc20008	lw	r2,8(r30)
 1435  00002080  0022082a	slt	r1,r1,r2
 1436  00002084  10200040	beqz	r1,L90_LF2
 1437  00002088  54000000	nop; delay slot nop
 1438  0000208c  8fc1fff4	lw	r1,-12(r30)
 1439  00002090  8fc20008	lw	r2,8(r30)
 1440  00002094  00200035	movi2fp	f0,r1
 1441  00002098  00400835	movi2fp	f1,r2
 1442  0000209c  0401000e	mult	f0,f0,f1
 1443  000020a0  00000834	movfp2i	r1,f0
 1444  000020a4  afc1fff4	sw	-12(r30),r1
 1445  000020a8  8fc1fff4	lw	r1,-12(r30)
 1446  000020ac  8fc2fff0	lw	r2,-16(r30)
 1447  000020b0  00220820	add	r1,r1,r2
 1448  000020b4  afc1fff4	sw	-12(r30),r1
 1449  000020b8  8fc20000	lw	r2,(r30)
 1450  000020bc  20410001	addi	r1,r2,#1
 1451  000020c0  00011020	add	r2,r0,r1
 1452  000020c4  afc20000	sw	(r30),r2
 1453  000020c8          	L97_LF2:
 1454  000020c8          	L90_LF2:
 1455  000020c8  8fc1fff0	lw	r1,-16(r30)
 1456  000020cc  8fc20008	lw	r2,8(r30)
 1457  000020d0  0022082a	slt	r1,r1,r2
 1458  000020d4  1420000c	bnez	r1,L98_LF2
 1459  000020d8  54000000	nop; delay slot nop
 1460  000020dc  0800000c	j	L89_LF2
 1461  000020e0  54000000	nop; delay slot nop
 1462  000020e4          	L98_LF2:
 1463  000020e4  0bfffec8	j	L88_LF2
 1464  000020e8  54000000	nop; delay slot nop
 1465  000020ec          	L89_LF2:
 1466  000020ec  8fc10004	lw	r1,4(r30)
 1467  000020f0  64220000	snei	r2,r1,#0
 1468  000020f4  10400010	beqz	r2,L99_LF2
 1469  000020f8  54000000	nop; delay slot nop
 1470  000020fc  8fc10004	lw	r1,4(r30)
 1471  00002100  8fc20000	lw	r2,(r30)
 1472  00002104  ac220000	sw	(r1),r2
 1473  00002108          	L99_LF2:
 1474  00002108  8fc1fff4	lw	r1,-12(r30)
 1475  0000210c  8fc2ffec	lw	r2,-20(r30)
 1476  00002110  00200035	movi2fp	f0,r1
 1477  00002114  00400835	movi2fp	f1,r2
 1478  00002118  0401000e	mult	f0,f0,f1
 1479  0000211c  00000834	movfp2i	r1,f0
 1480  00002120  afc1fff4	sw	-12(r30),r1
 1481  00002124  8fc1fff4	lw	r1,-12(r30)
 1482  00002128  08000004	j	L72_LF2
 1483  0000212c  54000000	nop; delay slot nop
 1484  00002130          	L72_LF2:
 1485  00002130  8fa20000	lw	r2,0(r29)
 1486  00002134  8fdffff8	lw	r31,-8(r30)
 1487  00002138  001ee820	add	r29,r0,r30
 1488  0000213c  8fdefffc	lw	r30,-4(r30)
 1489  00002140  4be00000	jr	r31
 1490  00002144  54000000	nop
 1491  00002148          	.endproc _dstrtol
 1492  00002148          	.align 2
 1493  00002148          	.proc _bcopy
 1494  00002148          	.global _bcopy
 1495  00002148          	_bcopy:
 1496                      ;  Function 'bcopy'; 0 bytes of locals, 2 regs to save.
 1497  00002148  afbefffc	sw	-4(r29),r30; push fp
 1498  0000214c  001df020	add	r30,r0,r29; fp = sp
 1499  00002150  afbffff8	sw	-8(r29),r31; push ret addr
 1500  00002154  2fbd0010	subui	r29,r29,#16; alloc local storage
 1501  00002158  afa20000	sw	0(r29),r2
 1502  0000215c  afa30004	sw	4(r29),r3
 1503  00002160  54000000	nop
 1504  00002164          	L101_LF2:
 1505  00002164  8fc10008	lw	r1,8(r30)
 1506  00002168  2022ffff	addi	r2,r1,#-1
 1507  0000216c  afc20008	sw	8(r30),r2
 1508  00002170  6c210000	sgti	r1,r1,#0
 1509  00002174  1420000c	bnez	r1,L103_LF2
 1510  00002178  54000000	nop; delay slot nop
 1511  0000217c  0800002c	j	L102_LF2
 1512  00002180  54000000	nop; delay slot nop
 1513  00002184          	L103_LF2:
 1514  00002184  8fc10004	lw	r1,4(r30)
 1515  00002188  20220001	addi	r2,r1,#1
 1516  0000218c  afc20004	sw	4(r30),r2
 1517  00002190  8fc20000	lw	r2,(r30)
 1518  00002194  20430001	addi	r3,r2,#1
 1519  00002198  afc30000	sw	(r30),r3
 1520  0000219c  80420000	lb	r2,(r2)
 1521  000021a0  a0220000	sb	(r1),r2
 1522  000021a4  0bffffbc	j	L101_LF2
 1523  000021a8  54000000	nop; delay slot nop
 1524  000021ac          	L102_LF2:
 1525  000021ac          	L100_LF2:
 1526  000021ac  8fa20000	lw	r2,0(r29)
 1527  000021b0  8fa30004	lw	r3,4(r29)
 1528  000021b4  8fdffff8	lw	r31,-8(r30)
 1529  000021b8  001ee820	add	r29,r0,r30
 1530  000021bc  8fdefffc	lw	r30,-4(r30)
 1531  000021c0  4be00000	jr	r31
 1532  000021c4  54000000	nop
 1533  000021c8          	.endproc _bcopy
 1534  000021c8          	.align 2
 1535  000021c8          	.proc _bzero
 1536  000021c8          	.global _bzero
 1537  000021c8          	_bzero:
 1538                      ;  Function 'bzero'; 0 bytes of locals, 1 regs to save.
 1539  000021c8  afbefffc	sw	-4(r29),r30; push fp
 1540  000021cc  001df020	add	r30,r0,r29; fp = sp
 1541  000021d0  afbffff8	sw	-8(r29),r31; push ret addr
 1542  000021d4  2fbd0010	subui	r29,r29,#16; alloc local storage
 1543  000021d8  afa20000	sw	0(r29),r2
 1544  000021dc  54000000	nop
 1545  000021e0          	L105_LF2:
 1546  000021e0  8fc10004	lw	r1,4(r30)
 1547  000021e4  2022ffff	addi	r2,r1,#-1
 1548  000021e8  afc20004	sw	4(r30),r2
 1549  000021ec  6c210000	sgti	r1,r1,#0
 1550  000021f0  1420000c	bnez	r1,L107_LF2
 1551  000021f4  54000000	nop; delay slot nop
 1552  000021f8  08000020	j	L106_LF2
 1553  000021fc  54000000	nop; delay slot nop
 1554  00002200          	L107_LF2:
 1555  00002200  8fc10000	lw	r1,(r30)
 1556  00002204  20220001	addi	r2,r1,#1
 1557  00002208  afc20000	sw	(r30),r2
 1558  0000220c  20020000	addi	r2,r0,(#0x0)&0xff
 1559  00002210  a0220000	sb	(r1),r2
 1560  00002214  0bffffc8	j	L105_LF2
 1561  00002218  54000000	nop; delay slot nop
 1562  0000221c          	L106_LF2:
 1563  0000221c          	L104_LF2:
 1564  0000221c  8fa20000	lw	r2,0(r29)
 1565  00002220  8fdffff8	lw	r31,-8(r30)
 1566  00002224  001ee820	add	r29,r0,r30
 1567  00002228  8fdefffc	lw	r30,-4(r30)
 1568  0000222c  4be00000	jr	r31
 1569  00002230  54000000	nop
 1570  00002234          	.endproc _bzero
 1571  00002234          	.align 2
 1572  00002234          	.proc _min
 1573  00002234          	.global _min
 1574  00002234          	_min:
 1575                      ;  Function 'min'; 0 bytes of locals, 2 regs to save.
 1576  00002234  afbefffc	sw	-4(r29),r30; push fp
 1577  00002238  001df020	add	r30,r0,r29; fp = sp
 1578  0000223c  afbffff8	sw	-8(r29),r31; push ret addr
 1579  00002240  2fbd0010	subui	r29,r29,#16; alloc local storage
 1580  00002244  afa20000	sw	0(r29),r2
 1581  00002248  afa30004	sw	4(r29),r3
 1582  0000224c  8fc10000	lw	r1,(r30)
 1583  00002250  8fc20004	lw	r2,4(r30)
 1584  00002254  0022182c	sle	r3,r1,r2
 1585  00002258  14600008	bnez	r3,L109_LF2
 1586  0000225c  54000000	nop; delay slot nop
 1587  00002260  8fc10004	lw	r1,4(r30)
 1588  00002264          	L109_LF2:
 1589  00002264  08000004	j	L108_LF2
 1590  00002268  54000000	nop; delay slot nop
 1591  0000226c          	L108_LF2:
 1592  0000226c  8fa20000	lw	r2,0(r29)
 1593  00002270  8fa30004	lw	r3,4(r29)
 1594  00002274  8fdffff8	lw	r31,-8(r30)
 1595  00002278  001ee820	add	r29,r0,r30
 1596  0000227c  8fdefffc	lw	r30,-4(r30)
 1597  00002280  4be00000	jr	r31
 1598  00002284  54000000	nop
 1599  00002288          	.endproc _min
 1600                      ;;; Ethan L. Miller, 1999.  Released to the public domain
 1601                      ;;;
 1602                      ;;; Most of the traps are called in files from libtraps.
 1605  00002288          	.align 2
 1606  00002288          	.proc _exit
 1607  00002288          	.global _exit
 1608  00002288          	_exit:
 1609  00002288  44000300	trap	#0x300
 1610  0000228c  4be00000	jr	r31
 1611  00002290  54000000	nop
 1612  00002294          	.endproc _exit
 1614                      ; for the benefit of gcc.
 1615  00002294          	.proc ___main
 1616  00002294          	.global ___main
 1617  00002294          	___main:
 1618  00002294  4be00000	jr	r31
 1619  00002298  54000000	nop
 1620  0000229c          	.endproc ___main
 1621  0000229c          	.text
 1622  0000229c          	.global _etext
 1623  0000229c          	_etext:
 1624  0000229c          	.align 3
 1625  000022a0          	.data
 1626  000031ba          	.global _edata
 1627  000031ba          	_edata:
